2023-04-24 14:42:36,950 - INFO - Reading package lists...
Building dependency tree...
Reading state information...
build-essential is already the newest version (12.8ubuntu1.1).
0 upgraded, 0 newly installed, 0 to remove and 15 not upgraded.
[sudo] password for cybrosys:
2023-04-24 14:42:37,670 - INFO - Reading package lists...
Building dependency tree...
Reading state information...
python-dev-is-python3 is already the newest version (3.8.2-4).
0 upgraded, 0 newly installed, 0 to remove and 15 not upgraded.

2023-04-24 14:42:38,379 - INFO - Reading package lists...
Building dependency tree...
Reading state information...
libjpeg-dev is already the newest version (8c-2ubuntu8).
0 upgraded, 0 newly installed, 0 to remove and 15 not upgraded.

2023-04-24 14:42:39,086 - INFO - Reading package lists...
Building dependency tree...
Reading state information...
libxslt1-dev is already the newest version (1.1.34-4ubuntu0.20.04.1).
0 upgraded, 0 newly installed, 0 to remove and 15 not upgraded.

2023-04-24 14:42:39,811 - INFO - Reading package lists...
Building dependency tree...
Reading state information...
python3.8-dev is already the newest version (3.8.10-0ubuntu1~20.04.7).
0 upgraded, 0 newly installed, 0 to remove and 15 not upgraded.

2023-04-24 14:42:40,548 - INFO - Reading package lists...
Building dependency tree...
Reading state information...
python3.9 is already the newest version (3.9.5-3ubuntu0~20.04.1).
0 upgraded, 0 newly installed, 0 to remove and 15 not upgraded.

2023-04-24 14:42:41,375 - INFO - Reading package lists...
Building dependency tree...
Reading state information...
python3.9-venv is already the newest version (3.9.5-3ubuntu0~20.04.1).
0 upgraded, 0 newly installed, 0 to remove and 15 not upgraded.
WARNING: apt does not have a stable CLI interface. Use with caution in scripts.
2023-04-24 14:42:50,231 - INFO - Creating directory '/home/cybrosys/Desktop/CybroPlone Git/Plone-6.0.2-Unified-Installer/t/eggs'.

2023-04-24 14:42:50,251 - INFO - Creating directory '/home/cybrosys/Desktop/CybroPlone Git/Plone-6.0.2-Unified-Installer/t/parts'.

2023-04-24 14:42:50,254 - INFO - Creating directory '/home/cybrosys/Desktop/CybroPlone Git/Plone-6.0.2-Unified-Installer/t/develop-eggs'.

2023-04-24 14:42:50,272 - INFO - root: Reading https://pypi.org/simple/plone.recipe.zope2instance/

2023-04-24 14:42:51,641 - INFO - Getting distribution for 'plone.recipe.zope2instance==6.12.0'.

2023-04-24 14:42:51,660 - INFO - root: Downloading https://files.pythonhosted.org/packages/fd/b1/5d723b9e3704b391e8cc16bd0b1c7a357f378078ea5994ce786b1b8cc1ce/plone.recipe.zope2instance-6.12.0-py2.py3-none-any.whl#sha256=d0548267e3da03ff4fa9997b85c3d6ed7afd408c8c720c11c0b5efb868be8716

2023-04-24 14:42:52,296 - INFO - Got plone.recipe.zope2instance 6.12.0.

2023-04-24 14:42:52,317 - INFO - root: Reading https://pypi.org/simple/python-dotenv/

2023-04-24 14:42:52,996 - INFO - Getting distribution for 'python-dotenv==0.21.1'.

2023-04-24 14:42:53,017 - INFO - root: Downloading https://files.pythonhosted.org/packages/64/62/f19d1e9023aacb47241de3ab5a5d5fedf32c78a71a9e365bb2153378c141/python_dotenv-0.21.1-py3-none-any.whl#sha256=41e12e0318bebc859fcc4d97d4db8d20ad21721a6aa5047dd59f090391cb549a

2023-04-24 14:42:53,634 - INFO - Got python-dotenv 0.21.1.

2023-04-24 14:42:53,653 - INFO - root: Reading https://pypi.org/simple/Paste/

2023-04-24 14:42:54,665 - INFO - Getting distribution for 'Paste==3.5.2'.

2023-04-24 14:42:54,687 - INFO - root: Downloading https://files.pythonhosted.org/packages/0c/f7/e965ace528fca3319fc6656f6ed6f6ba7c8f17fa32e588da1af291b95fd1/Paste-3.5.2-py2.py3-none-any.whl#sha256=fa0385cd07a50e6c679e735e44afef1e24ab1a0578eea501e45b8c2d38669b77

2023-04-24 14:42:55,050 - INFO - Got Paste 3.5.2.

2023-04-24 14:42:55,066 - INFO - root: Reading https://pypi.org/simple/waitress/

2023-04-24 14:42:55,598 - INFO - Getting distribution for 'waitress==2.1.2'.

2023-04-24 14:42:55,620 - INFO - root: Downloading https://files.pythonhosted.org/packages/58/6a/b4b5c582e04e837e4422cab6ec9de7fc10ca7ad7f4e370bb89d280d39552/waitress-2.1.2-py3-none-any.whl#sha256=7500c9625927c8ec60f54377d590f67b30c8e70ef4b8894214ac6e4cad233d2a

2023-04-24 14:42:55,864 - INFO - Got waitress 2.1.2.

2023-04-24 14:42:55,886 - INFO - root: Reading https://pypi.org/simple/ZEO/

2023-04-24 14:42:56,724 - INFO - Getting distribution for 'ZEO==5.3.0'.

2023-04-24 14:42:56,745 - INFO - root: Downloading https://files.pythonhosted.org/packages/67/c6/d88ac503460dd4fa34a6a7a32dfcc06b640007432446b6c87123febbdb8f/ZEO-5.3.0-py2.py3-none-any.whl#sha256=cec59227cb87d938b000a875fa0049433f7a3cc2f0452b95876c890f485584b6

2023-04-24 14:42:57,120 - INFO - Got ZEO 5.3.0.

2023-04-24 14:42:57,141 - INFO - root: Reading https://pypi.org/simple/ZODB/

2023-04-24 14:42:57,890 - INFO - Getting distribution for 'ZODB==5.8.0'.

2023-04-24 14:42:57,912 - INFO - root: Downloading https://files.pythonhosted.org/packages/14/bd/cd31dea7f39ef34c289f8e1fbbec51df1b611d0508bcb5fbd0c71c274085/ZODB-5.8.0-py2.py3-none-any.whl#sha256=52db974ae558cc184eb45f82d79f6fc75174158ef415742f9763224eab890d14

2023-04-24 14:42:58,343 - INFO - Got ZODB 5.8.0.

2023-04-24 14:42:58,361 - INFO - root: Reading https://pypi.org/simple/Zope/

2023-04-24 14:42:59,527 - INFO - Getting distribution for 'Zope==5.8'.

2023-04-24 14:42:59,549 - INFO - root: Downloading https://files.pythonhosted.org/packages/51/74/3f69867b7d977fb34e1af29e95d56c022b9b284bb4e9f4808ee2619231fe/Zope-5.8-py3-none-any.whl#sha256=524039a8b2f1a904c7102080e426e52559bc23ac585573149d0d578d6a1f8169

2023-04-24 14:43:00,943 - INFO - Got Zope 5.8.

2023-04-24 14:43:00,964 - INFO - root: Reading https://pypi.org/simple/zc.recipe.egg/

2023-04-24 14:43:01,743 - INFO - Getting distribution for 'zc.recipe.egg==2.0.7'.

2023-04-24 14:43:01,763 - INFO - root: Downloading https://files.pythonhosted.org/packages/7a/6f/c6871e8490a153c3b44ac43e4a6552d802561a12b4780c7ea088a7ec5ff0/zc.recipe.egg-2.0.7.tar.gz#sha256=b89eb00979614e3584bb4e8431172b2345d00b983a04ebf00a401fb695f4e6d3

2023-04-24 14:43:03,248 - INFO - Got zc.recipe.egg 2.0.7.

2023-04-24 14:43:03,269 - INFO - root: Reading https://pypi.org/simple/six/

2023-04-24 14:43:03,842 - INFO - Getting distribution for 'six==1.16.0'.

2023-04-24 14:43:03,863 - INFO - root: Downloading https://files.pythonhosted.org/packages/d9/5a/e7c31adbe875f2abbb91bd84cf2dc52d792b5a01506781dbcf25c91daf11/six-1.16.0-py2.py3-none-any.whl#sha256=8abb2f1d86890a2dfb989f9a77cfcfd3e47c2a354b01111771326f8aa26e0254

2023-04-24 14:43:04,058 - INFO - Got six 1.16.0.

2023-04-24 14:43:04,090 - INFO - root: Reading https://pypi.org/simple/zope.interface/

2023-04-24 14:43:12,270 - INFO - Getting distribution for 'zope.interface==5.5.2'.

2023-04-24 14:43:12,290 - INFO - root: Downloading https://files.pythonhosted.org/packages/12/78/83d8b9893d1a3933d772b2b2a542146f5d1465fc770c7618efb4bc1e265e/zope.interface-5.5.2-cp39-cp39-manylinux_2_5_x86_64.manylinux1_x86_64.manylinux_2_12_x86_64.manylinux2010_x86_64.whl#sha256=fb68d212efd057596dee9e6582daded9f8ef776538afdf5feceb3059df2d2e7b

2023-04-24 14:43:31,286 - INFO - Got zope.interface 5.5.2.

2023-04-24 14:43:31,307 - INFO - root: Reading https://pypi.org/simple/zdaemon/

2023-04-24 14:43:32,110 - INFO - Getting distribution for 'zdaemon==4.4'.

2023-04-24 14:43:32,131 - INFO - root: Downloading https://files.pythonhosted.org/packages/09/b5/099c64001d2b5fe51a0956dd6d0fca4dc5dfbf7bbba8d588f93dd27ba3a3/zdaemon-4.4-py2.py3-none-any.whl#sha256=714b3dd37ab7f9dbc2817258ed9788e0b802be9e872b06b1a38fcd2be50509d5

2023-04-24 14:43:34,628 - INFO - Got zdaemon 4.4.

2023-04-24 14:43:34,648 - INFO - root: Reading https://pypi.org/simple/ZConfig/

2023-04-24 14:43:36,285 - INFO - Getting distribution for 'ZConfig==3.6.1'.

2023-04-24 14:43:36,306 - INFO - root: Downloading https://files.pythonhosted.org/packages/46/cd/9d78b4b71be4d00fbf6448ae139cd4671119a779bcb4a860ed23bb96c34d/ZConfig-3.6.1-py2.py3-none-any.whl#sha256=1459a11f22e1268ab1f9a368bd2fe2c2018ceeb01c653eef3a5f7d8f5608f041

2023-04-24 14:43:45,970 - INFO - Got ZConfig 3.6.1.

2023-04-24 14:43:45,989 - INFO - root: Reading https://pypi.org/simple/zc.lockfile/

2023-04-24 14:43:47,808 - INFO - Getting distribution for 'zc.lockfile==2.0'.

2023-04-24 14:43:47,830 - INFO - root: Downloading https://files.pythonhosted.org/packages/6c/2a/268389776288f0f26c7272c70c36c96dcc0bdb88ab6216ea18e19df1fadd/zc.lockfile-2.0-py2.py3-none-any.whl#sha256=cc33599b549f0c8a248cb72f3bf32d77712de1ff7ee8814312eb6456b42c015f

2023-04-24 14:43:49,563 - INFO - Got zc.lockfile 2.0.

2023-04-24 14:43:49,585 - INFO - root: Reading https://pypi.org/simple/persistent/

2023-04-24 14:44:01,209 - INFO - Getting distribution for 'persistent==4.9.3'.

2023-04-24 14:44:01,230 - INFO - root: Downloading https://files.pythonhosted.org/packages/05/8b/4e98577899cb861d2cb050824356a79680845adf58e43b717d469eea65d4/persistent-4.9.3-cp39-cp39-manylinux_2_5_x86_64.manylinux1_x86_64.manylinux_2_12_x86_64.manylinux2010_x86_64.whl#sha256=a250371e29c999c5925ecf422187f8ec840aa35f666bb85e09dd5aba52d57590

2023-04-24 14:44:14,795 - INFO - Got persistent 4.9.3.

